Start testing: Jan 25 12:00 India Standard Time
----------------------------------------------------------
1/3 Testing: identity_tests
1/3 Test: identity_tests
Command: "D:/nanma_nx_media_suite/nx-core/build/tests/Debug/test_nx_identity.exe"
Directory: D:/nanma_nx_media_suite/nx-core/build/tests
"identity_tests" start time: Jan 25 12:00 India Standard Time
Output:
----------------------------------------------------------
Running NX-Core Identity Tests (Value Types)
============================================
✓ Same inputs produce identical IDs
✓ Different inputs produce different IDs
✓ Types are distinct and non-interchangeable
✓ Ordering is consistent
✓ Serialization produces valid hex strings

✓ All tests passed!
Identity system validated as distinct value types.
<end of output>
Test time =   0.08 sec
----------------------------------------------------------
Test Passed.
"identity_tests" end time: Jan 25 12:00 India Standard Time
"identity_tests" time elapsed: 00:00:00
----------------------------------------------------------

2/3 Testing: logical_clock_tests
2/3 Test: logical_clock_tests
Command: "D:/nanma_nx_media_suite/nx-core/build/tests/Debug/test_logical_clock.exe"
Directory: D:/nanma_nx_media_suite/nx-core/build/tests
"logical_clock_tests" start time: Jan 25 12:00 India Standard Time
Output:
----------------------------------------------------------
Running NX-Core Logical Clock Tests
===================================
Testing LogicalTime determinism...
✓ LogicalTime operations are deterministic
Testing LogicalTime ordering...
✓ LogicalTime ordering is consistent
Testing LogicalTime immutability...
✓ LogicalTime is immutable
Testing SequenceIndex determinism...
✓ SequenceIndex operations are deterministic
Testing SequenceIndex ordering...
✓ SequenceIndex ordering is consistent
Testing LogicalClock determinism...
✓ LogicalClock operations are deterministic
Testing LogicalClock explicit advancement...
✓ LogicalClock advances only explicitly
Testing reproducibility across runs...
✓ Operations are reproducible across runs
Testing serialization...
✓ Serialization works correctly

✓ All tests passed!
Deterministic logical clock system validated.
<end of output>
Test time =   0.08 sec
----------------------------------------------------------
Test Passed.
"logical_clock_tests" end time: Jan 25 12:00 India Standard Time
"logical_clock_tests" time elapsed: 00:00:00
----------------------------------------------------------

3/3 Testing: error_system_tests
3/3 Test: error_system_tests
Command: "D:/nanma_nx_media_suite/nx-core/build/tests/Debug/test_error_system.exe"
Directory: D:/nanma_nx_media_suite/nx-core/build/tests
"error_system_tests" start time: Jan 25 12:00 India Standard Time
Output:
----------------------------------------------------------
Running NX-Core Error System Tests
==================================
Testing ErrorCode stability...
✓ ErrorCode values are stable
Testing ErrorContext determinism...
✓ ErrorContext operations are deterministic
Testing ErrorContext ordering...
✓ ErrorContext ordering is consistent
Testing Error determinism...
✓ Error operations are deterministic
Testing Error ordering...
✓ Error ordering is consistent
Testing Error success/failure detection...
✓ Error success/failure detection works correctly
Testing ErrorList determinism...
✓ ErrorList operations are deterministic
Testing ErrorList aggregation...
✓ ErrorList aggregation works correctly
Testing serialization stability...
✓ Serialization is stable and deterministic
Testing Error immutability...
✓ Error types are immutable

✓ All tests passed!
Deterministic error system validated.
<end of output>
Test time =   0.09 sec
----------------------------------------------------------
Test Passed.
"error_system_tests" end time: Jan 25 12:00 India Standard Time
"error_system_tests" time elapsed: 00:00:00
----------------------------------------------------------

End testing: Jan 25 12:00 India Standard Time
